Started at Mon Jun 12 16:52:34 UTC 2023
Processing c-project
Offering c-project to Project Build Discarder
Processing git-practice
Offering git-practice to Project Build Discarder
Finished at Mon Jun 12 16:52:34 UTC 2023. 9ms
Started at Mon Jun 12 17:52:34 UTC 2023
Processing c-project
Offering c-project to Project Build Discarder
Processing git-practice
Offering git-practice to Project Build Discarder
Finished at Mon Jun 12 17:52:34 UTC 2023. 1ms
Started at Mon Jun 12 18:52:34 UTC 2023
Processing c-project
Offering c-project to Project Build Discarder
Processing git-practice
Offering git-practice to Project Build Discarder
Finished at Mon Jun 12 18:52:34 UTC 2023. 1ms
Started at Mon Jun 12 19:52:34 UTC 2023
Processing c-project
Offering c-project to Project Build Discarder
Processing git-practice
Offering git-practice to Project Build Discarder
Finished at Mon Jun 12 19:52:34 UTC 2023. 3ms
Started at Mon Jun 12 20:52:34 UTC 2023
Processing c-project
Offering c-project to Project Build Discarder
Processing git-practice
Offering git-practice to Project Build Discarder
Finished at Mon Jun 12 20:52:34 UTC 2023. 1ms
Started at Mon Jun 12 21:52:34 UTC 2023
Processing c-project
Offering c-project to Project Build Discarder
Processing git-practice
Offering git-practice to Project Build Discarder
Finished at Mon Jun 12 21:52:34 UTC 2023. 2ms
Started at Mon Jun 12 22:52:34 UTC 2023
Processing c-project
Offering c-project to Project Build Discarder
Processing git-practice
Offering git-practice to Project Build Discarder
Finished at Mon Jun 12 22:52:34 UTC 2023. 1ms
Started at Mon Jun 12 23:52:34 UTC 2023
Processing c-project
Offering c-project to Project Build Discarder
Processing git-practice
Offering git-practice to Project Build Discarder
Finished at Mon Jun 12 23:52:34 UTC 2023. 0ms
Started at Tue Jun 13 00:52:34 UTC 2023
Processing c-project
Offering c-project to Project Build Discarder
Processing git-practice
Offering git-practice to Project Build Discarder
Finished at Tue Jun 13 00:52:34 UTC 2023. 3ms
Started at Tue Jun 13 01:52:34 UTC 2023
Processing c-project
Offering c-project to Project Build Discarder
Processing git-practice
Offering git-practice to Project Build Discarder
Finished at Tue Jun 13 01:52:34 UTC 2023. 1ms
Started at Tue Jun 13 02:52:34 UTC 2023
Processing c-project
Offering c-project to Project Build Discarder
Processing git-practice
Offering git-practice to Project Build Discarder
Finished at Tue Jun 13 02:52:34 UTC 2023. 1ms
Started at Tue Jun 13 03:52:34 UTC 2023
Processing c-project
Offering c-project to Project Build Discarder
Processing git-practice
Offering git-practice to Project Build Discarder
Finished at Tue Jun 13 03:52:34 UTC 2023. 5ms
Started at Tue Jun 13 04:52:34 UTC 2023
Processing c-project
Offering c-project to Project Build Discarder
Processing git-practice
Offering git-practice to Project Build Discarder
Finished at Tue Jun 13 04:52:34 UTC 2023. 1ms
Started at Tue Jun 13 05:52:34 UTC 2023
Processing c-project
Offering c-project to Project Build Discarder
Processing git-practice
Offering git-practice to Project Build Discarder
Finished at Tue Jun 13 05:52:34 UTC 2023. 2ms
Started at Tue Jun 13 06:52:34 UTC 2023
Processing c-project
Offering c-project to Project Build Discarder
Processing git-practice
Offering git-practice to Project Build Discarder
Processing java
Offering java to Project Build Discarder
Finished at Tue Jun 13 06:52:34 UTC 2023. 13ms
Started at Tue Jun 13 07:52:34 UTC 2023
Processing c-project
Offering c-project to Project Build Discarder
Processing git-practice
Offering git-practice to Project Build Discarder
Processing java
Offering java to Project Build Discarder
Finished at Tue Jun 13 07:52:34 UTC 2023. 1ms
Started at Tue Jun 13 08:52:34 UTC 2023
Processing c-project
Offering c-project to Project Build Discarder
Processing git-practice
Offering git-practice to Project Build Discarder
Processing java
Offering java to Project Build Discarder
Finished at Tue Jun 13 08:52:34 UTC 2023. 2ms
